<?xml version="1.0" encoding="UTF-8"?>
<!-- Generated by org.testng.reporters.JUnitXMLReporter -->
<testsuite ignored="0" hostname="L502528" failures="0" tests="4" name="Default test" time="0.057" errors="0" timestamp="2024-03-02T16:02:38 IST">
  <testcase classname="calyx.gen1usercreation" name="usercreationmiinternal" time="0.012"/>
  <testcase classname="calyx.gen1usercreation" name="usercreationmitechsuppor" time="0.001"/>
  <testcase classname="calyx.gen1usercreation" name="usercreationsponsor" time="0.001"/>
  <testcase classname="calyx.gen1usercreation" name="usercreationstudycoordinator" time="0.001"/>
</testsuite> <!-- Default test -->
