<?xml version="1.0" encoding="UTF-8"?>
<!-- Generated by org.testng.reporters.JUnitXMLReporter -->
<testsuite ignored="1" hostname="L502528" failures="0" tests="3" name="Test" time="0.069" errors="0" timestamp="2024-02-05T22:34:42 IST">
  <testcase classname="calyx.gen2userprovisining" name="miinternal" time="0.012"/>
  <testcase classname="calyx.gen2userprovisining" name="sponsor" time="0.001"/>
  <testcase classname="calyx.gen2userprovisining" name="studycoordinator" time="0.003"/>
  <testcase classname="calyx.gen2userprovisining" name="mitechsuppor" time="0.0">
    <ignored/>
  </testcase> <!-- mitechsuppor -->
</testsuite> <!-- Test -->
