<?xml version="1.0" encoding="UTF-8"?>
<!-- Generated by org.testng.reporters.JUnitXMLReporter -->
<testsuite ignored="0" hostname="L502528" failures="0" tests="3" name="home loan Department" time="0.014" errors="0" timestamp="2024-01-30T19:33:41 IST">
  <testcase classname="mg28012024.day4" name="LoginApihomeLoan" time="0.002"/>
  <testcase classname="mg28012024.day4" name="MobileLoginhomeLoan" time="0.001"/>
  <testcase classname="mg28012024.day4" name="WebloginhomeLoan" time="0.003"/>
</testsuite> <!-- home loan Department -->
