<?xml version="1.0" encoding="UTF-8"?>
<testng-results ignored="0" total="4" passed="4" failed="0" skipped="0">
  <reporter-output>
  </reporter-output>
  <suite started-at="2024-03-02T16:02:38 IST" name="Default suite" finished-at="2024-03-02T16:02:38 IST" duration-ms="57">
    <groups>
    </groups>
    <test started-at="2024-03-02T16:02:38 IST" name="Default test" finished-at="2024-03-02T16:02:38 IST" duration-ms="57">
      <class name="calyx.gen1usercreation">
        <test-method signature="usercreationmiinternal()[pri:0, instance:calyx.gen1usercreation@6ca8564a]" started-at="2024-03-02T16:02:38 IST" name="usercreationmiinternal" finished-at="2024-03-02T16:02:38 IST" duration-ms="12" status="PASS">
          <reporter-output>
          </reporter-output>
        </test-method> <!-- usercreationmiinternal -->
        <test-method signature="usercreationmitechsuppor()[pri:0, instance:calyx.gen1usercreation@6ca8564a]" started-at="2024-03-02T16:02:38 IST" name="usercreationmitechsuppor" finished-at="2024-03-02T16:02:38 IST" duration-ms="1" status="PASS">
          <reporter-output>
          </reporter-output>
        </test-method> <!-- usercreationmitechsuppor -->
        <test-method signature="usercreationsponsor()[pri:0, instance:calyx.gen1usercreation@6ca8564a]" started-at="2024-03-02T16:02:38 IST" name="usercreationsponsor" finished-at="2024-03-02T16:02:38 IST" duration-ms="1" status="PASS">
          <reporter-output>
          </reporter-output>
        </test-method> <!-- usercreationsponsor -->
        <test-method signature="usercreationstudycoordinator()[pri:0, instance:calyx.gen1usercreation@6ca8564a]" started-at="2024-03-02T16:02:38 IST" name="usercreationstudycoordinator" finished-at="2024-03-02T16:02:38 IST" duration-ms="1" status="PASS">
          <reporter-output>
          </reporter-output>
        </test-method> <!-- usercreationstudycoordinator -->
      </class> <!-- calyx.gen1usercreation -->
    </test> <!-- Default test -->
  </suite> <!-- Default suite -->
</testng-results>
